<?xml version="1.0" encoding="UTF-8"?>
<coverage generated="1723836114636" clover="3.2.0">
  <project timestamp="1723836114637" name="All files">
    <metrics statements="138" coveredstatements="132" conditionals="30" coveredconditionals="21" methods="21" coveredmethods="19" elements="189" coveredelements="172" complexity="0" loc="138" ncloc="138" packages="5" files="6" classes="6"/>
    <package name="adminApp">
      <metrics statements="19" coveredstatements="15" conditionals="12" coveredconditionals="7" methods="2" coveredmethods="0"/>
      <file name="logger.js" path="D:\Projects\adminApp\logger.js">
        <metrics statements="19" coveredstatements="15" conditionals="12" coveredconditionals="7" methods="2" coveredmethods="0"/>
        <line num="3" count="3" type="stmt"/>
        <line num="4" count="3" type="stmt"/>
        <line num="5" count="3" type="stmt"/>
        <line num="6" count="3" type="stmt"/>
        <line num="7" count="3" type="stmt"/>
        <line num="9" count="3" type="cond" truecount="1" falsecount="1"/>
        <line num="10" count="3" type="stmt"/>
        <line num="11" count="3" type="stmt"/>
        <line num="13" count="3" type="cond" truecount="1" falsecount="1"/>
        <line num="14" count="0" type="stmt"/>
        <line num="15" count="3" type="cond" truecount="1" falsecount="1"/>
        <line num="16" count="0" type="stmt"/>
        <line num="19" count="3" type="stmt"/>
        <line num="21" count="3" type="cond" truecount="1" falsecount="1"/>
        <line num="22" count="0" type="stmt"/>
        <line num="26" count="3" type="stmt"/>
        <line num="29" count="3" type="stmt"/>
        <line num="34" count="0" type="stmt"/>
        <line num="56" count="3" type="stmt"/>
      </file>
    </package>
    <package name="adminApp.config">
      <metrics statements="1" coveredstatements="1" conditionals="0" coveredconditionals="0" methods="0" coveredmethods="0"/>
      <file name="config.js" path="D:\Projects\adminApp\config\config.js">
        <metrics statements="1" coveredstatements="1" conditionals="0" coveredconditionals="0" methods="0" coveredmethods="0"/>
        <line num="1" count="3" type="stmt"/>
      </file>
    </package>
    <package name="adminApp.routes">
      <metrics statements="51" coveredstatements="51" conditionals="8" coveredconditionals="8" methods="6" coveredmethods="6"/>
      <file name="router.js" path="D:\Projects\adminApp\routes\router.js">
        <metrics statements="51" coveredstatements="51" conditionals="8" coveredconditionals="8" methods="6" coveredmethods="6"/>
        <line num="1" count="1" type="stmt"/>
        <line num="2" count="1" type="stmt"/>
        <line num="3" count="1" type="stmt"/>
        <line num="4" count="1" type="stmt"/>
        <line num="6" count="1" type="stmt"/>
        <line num="8" count="1" type="stmt"/>
        <line num="10" count="1" type="stmt"/>
        <line num="11" count="2" type="stmt"/>
        <line num="12" count="2" type="stmt"/>
        <line num="13" count="2" type="stmt"/>
        <line num="14" count="2" type="stmt"/>
        <line num="15" count="1" type="stmt"/>
        <line num="17" count="1" type="stmt"/>
        <line num="18" count="1" type="stmt"/>
        <line num="23" count="1" type="stmt"/>
        <line num="24" count="2" type="stmt"/>
        <line num="25" count="2" type="stmt"/>
        <line num="26" count="2" type="stmt"/>
        <line num="27" count="1" type="stmt"/>
        <line num="29" count="1" type="stmt"/>
        <line num="30" count="1" type="stmt"/>
        <line num="35" count="1" type="stmt"/>
        <line num="36" count="3" type="stmt"/>
        <line num="37" count="3" type="stmt"/>
        <line num="38" count="3" type="stmt"/>
        <line num="39" count="3" type="stmt"/>
        <line num="40" count="2" type="cond" truecount="2" falsecount="0"/>
        <line num="41" count="1" type="stmt"/>
        <line num="43" count="1" type="stmt"/>
        <line num="45" count="1" type="stmt"/>
        <line num="46" count="1" type="stmt"/>
        <line num="51" count="1" type="stmt"/>
        <line num="52" count="3" type="stmt"/>
        <line num="53" count="3" type="stmt"/>
        <line num="54" count="3" type="stmt"/>
        <line num="55" count="3" type="stmt"/>
        <line num="56" count="2" type="cond" truecount="4" falsecount="0"/>
        <line num="57" count="1" type="stmt"/>
        <line num="59" count="1" type="stmt"/>
        <line num="61" count="1" type="stmt"/>
        <line num="62" count="1" type="stmt"/>
        <line num="67" count="1" type="stmt"/>
        <line num="68" count="3" type="stmt"/>
        <line num="69" count="3" type="stmt"/>
        <line num="71" count="3" type="stmt"/>
        <line num="72" count="2" type="cond" truecount="2" falsecount="0"/>
        <line num="73" count="1" type="stmt"/>
        <line num="75" count="1" type="stmt"/>
        <line num="77" count="1" type="stmt"/>
        <line num="78" count="1" type="stmt"/>
        <line num="82" count="1" type="stmt"/>
      </file>
    </package>
    <package name="adminApp.services">
      <metrics statements="49" coveredstatements="47" conditionals="7" coveredconditionals="4" methods="7" coveredmethods="7"/>
      <file name="dbClient.js" path="D:\Projects\adminApp\services\dbClient.js">
        <metrics statements="16" coveredstatements="15" conditionals="3" coveredconditionals="2" methods="2" coveredmethods="2"/>
        <line num="1" count="3" type="stmt"/>
        <line num="2" count="3" type="stmt"/>
        <line num="3" count="3" type="stmt"/>
        <line num="4" count="3" type="stmt"/>
        <line num="17" count="4" type="stmt"/>
        <line num="27" count="4" type="cond" truecount="1" falsecount="1"/>
        <line num="28" count="0" type="stmt"/>
        <line num="30" count="4" type="stmt"/>
        <line num="31" count="4" type="stmt"/>
        <line num="32" count="4" type="stmt"/>
        <line num="33" count="3" type="stmt"/>
        <line num="34" count="3" type="stmt"/>
        <line num="35" count="3" type="stmt"/>
        <line num="37" count="1" type="stmt"/>
        <line num="38" count="1" type="stmt"/>
        <line num="42" count="3" type="stmt"/>
      </file>
      <file name="userService.js" path="D:\Projects\adminApp\services\userService.js">
        <metrics statements="33" coveredstatements="32" conditionals="4" coveredconditionals="2" methods="5" coveredmethods="5"/>
        <line num="2" count="2" type="stmt"/>
        <line num="3" count="2" type="stmt"/>
        <line num="10" count="2" type="stmt"/>
        <line num="11" count="2" type="stmt"/>
        <line num="12" count="2" type="stmt"/>
        <line num="13" count="1" type="stmt"/>
        <line num="15" count="1" type="stmt"/>
        <line num="24" count="2" type="stmt"/>
        <line num="25" count="2" type="stmt"/>
        <line num="26" count="2" type="stmt"/>
        <line num="28" count="1" type="stmt"/>
        <line num="38" count="2" type="stmt"/>
        <line num="39" count="2" type="stmt"/>
        <line num="40" count="2" type="stmt"/>
        <line num="41" count="1" type="stmt"/>
        <line num="43" count="1" type="stmt"/>
        <line num="53" count="2" type="stmt"/>
        <line num="54" count="2" type="stmt"/>
        <line num="56" count="2" type="stmt"/>
        <line num="58" count="2" type="cond" truecount="1" falsecount="1"/>
        <line num="60" count="2" type="cond" truecount="1" falsecount="1"/>
        <line num="61" count="0" type="stmt"/>
        <line num="65" count="2" type="stmt"/>
        <line num="70" count="1" type="stmt"/>
        <line num="72" count="1" type="stmt"/>
        <line num="82" count="2" type="stmt"/>
        <line num="83" count="2" type="stmt"/>
        <line num="84" count="2" type="stmt"/>
        <line num="85" count="1" type="stmt"/>
        <line num="86" count="1" type="stmt"/>
        <line num="88" count="1" type="stmt"/>
        <line num="89" count="1" type="stmt"/>
        <line num="93" count="2" type="stmt"/>
      </file>
    </package>
    <package name="adminApp.utils">
      <metrics statements="18" coveredstatements="18" conditionals="3" coveredconditionals="2" methods="6" coveredmethods="6"/>
      <file name="dateTimeUtils.js" path="D:\Projects\adminApp\utils\dateTimeUtils.js">
        <metrics statements="18" coveredstatements="18" conditionals="3" coveredconditionals="2" methods="6" coveredmethods="6"/>
        <line num="1" count="1" type="stmt"/>
        <line num="2" count="1" type="stmt"/>
        <line num="5" count="1" type="stmt"/>
        <line num="6" count="1" type="stmt"/>
        <line num="7" count="1" type="stmt"/>
        <line num="8" count="1" type="stmt"/>
        <line num="9" count="1" type="stmt"/>
        <line num="10" count="1" type="stmt"/>
        <line num="11" count="1" type="stmt"/>
        <line num="12" count="1" type="stmt"/>
        <line num="20" count="2" type="stmt"/>
        <line num="31" count="2" type="stmt"/>
        <line num="43" count="1" type="stmt"/>
        <line num="54" count="2" type="stmt"/>
        <line num="55" count="2" type="stmt"/>
        <line num="57" count="2" type="stmt"/>
        <line num="68" count="1" type="stmt"/>
        <line num="69" count="1" type="stmt"/>
      </file>
    </package>
  </project>
</coverage>
