{"D:\\Projects\\adminApp\\logger.js": {"path":"D:\\Projects\\adminApp\\logger.js","statementMap":{"0":{"start":{"line":3,"column":45},"end":{"line":3,"column":63}},"1":{"start":{"line":4,"column":11},"end":{"line":4,"column":24}},"2":{"start":{"line":5,"column":13},"end":{"line":5,"column":28}},"3":{"start":{"line":6,"column":15},"end":{"line":6,"column":32}},"4":{"start":{"line":7,"column":24},"end":{"line":7,"column":60}},"5":{"start":{"line":9,"column":12},"end":{"line":9,"column":49}},"6":{"start":{"line":10,"column":15},"end":{"line":10,"column":43}},"7":{"start":{"line":11,"column":19},"end":{"line":11,"column":21}},"8":{"start":{"line":13,"column":0},"end":{"line":17,"column":1}},"9":{"start":{"line":14,"column":2},"end":{"line":14,"column":47}},"10":{"start":{"line":15,"column":7},"end":{"line":17,"column":1}},"11":{"start":{"line":16,"column":2},"end":{"line":16,"column":40}},"12":{"start":{"line":19,"column":20},"end":{"line":19,"column":86}},"13":{"start":{"line":21,"column":0},"end":{"line":23,"column":1}},"14":{"start":{"line":22,"column":2},"end":{"line":22,"column":23}},"15":{"start":{"line":26,"column":17},"end":{"line":26,"column":72}},"16":{"start":{"line":26,"column":23},"end":{"line":26,"column":72}},"17":{"start":{"line":29,"column":15},"end":{"line":54,"column":2}},"18":{"start":{"line":34,"column":26},"end":{"line":34,"column":92}},"19":{"start":{"line":56,"column":0},"end":{"line":56,"column":24}}},"fnMap":{"0":{"name":"(anonymous_0)","decl":{"start":{"line":26,"column":17},"end":{"line":26,"column":18}},"loc":{"start":{"line":26,"column":23},"end":{"line":26,"column":72}},"line":26},"1":{"name":"(anonymous_1)","decl":{"start":{"line":34,"column":18},"end":{"line":34,"column":19}},"loc":{"start":{"line":34,"column":26},"end":{"line":34,"column":92}},"line":34}},"branchMap":{"0":{"loc":{"start":{"line":9,"column":12},"end":{"line":9,"column":49}},"type":"binary-expr","locations":[{"start":{"line":9,"column":12},"end":{"line":9,"column":32}},{"start":{"line":9,"column":36},"end":{"line":9,"column":49}}],"line":9},"1":{"loc":{"start":{"line":13,"column":0},"end":{"line":17,"column":1}},"type":"if","locations":[{"start":{"line":13,"column":0},"end":{"line":17,"column":1}},{"start":{"line":15,"column":7},"end":{"line":17,"column":1}}],"line":13},"2":{"loc":{"start":{"line":15,"column":7},"end":{"line":17,"column":1}},"type":"if","locations":[{"start":{"line":15,"column":7},"end":{"line":17,"column":1}},{"start":{},"end":{}}],"line":15},"3":{"loc":{"start":{"line":21,"column":0},"end":{"line":23,"column":1}},"type":"if","locations":[{"start":{"line":21,"column":0},"end":{"line":23,"column":1}},{"start":{},"end":{}}],"line":21},"4":{"loc":{"start":{"line":30,"column":9},"end":{"line":30,"column":48}},"type":"cond-expr","locations":[{"start":{"line":30,"column":32},"end":{"line":30,"column":38}},{"start":{"line":30,"column":41},"end":{"line":30,"column":48}}],"line":30},"5":{"loc":{"start":{"line":32,"column":40},"end":{"line":32,"column":76}},"type":"binary-expr","locations":[{"start":{"line":32,"column":40},"end":{"line":32,"column":63}},{"start":{"line":32,"column":67},"end":{"line":32,"column":76}}],"line":32}},"s":{"0":3,"1":3,"2":3,"3":3,"4":3,"5":3,"6":3,"7":3,"8":3,"9":0,"10":3,"11":0,"12":3,"13":3,"14":0,"15":3,"16":0,"17":3,"18":0,"19":3},"f":{"0":0,"1":0},"b":{"0":[3,0],"1":[0,3],"2":[0,3],"3":[0,3],"4":[0,3],"5":[3,3]},"_coverageSchema":"1a1c01bbd47fc00a2c39e90264f33305004495a9","hash":"7e109c9c2b8366dab953a2997be16afa08b57c25"}
,"D:\\Projects\\adminApp\\config\\config.js": {"path":"D:\\Projects\\adminApp\\config\\config.js","statementMap":{"0":{"start":{"line":1,"column":0},"end":{"line":3,"column":4}}},"fnMap":{},"branchMap":{},"s":{"0":3},"f":{},"b":{},"_coverageSchema":"1a1c01bbd47fc00a2c39e90264f33305004495a9","hash":"07a87c6c35336b4009b76884654ceb3c93527cb1"}
,"D:\\Projects\\adminApp\\routes\\router.js": {"path":"D:\\Projects\\adminApp\\routes\\router.js","statementMap":{"0":{"start":{"line":1,"column":16},"end":{"line":1,"column":34}},"1":{"start":{"line":2,"column":15},"end":{"line":2,"column":35}},"2":{"start":{"line":3,"column":15},"end":{"line":3,"column":31}},"3":{"start":{"line":4,"column":67},"end":{"line":4,"column":101}},"4":{"start":{"line":6,"column":0},"end":{"line":6,"column":27}},"5":{"start":{"line":8,"column":0},"end":{"line":83,"column":2}},"6":{"start":{"line":10,"column":2},"end":{"line":20,"column":5}},"7":{"start":{"line":11,"column":4},"end":{"line":19,"column":5}},"8":{"start":{"line":12,"column":6},"end":{"line":12,"column":37}},"9":{"start":{"line":13,"column":19},"end":{"line":13,"column":27}},"10":{"start":{"line":14,"column":20},"end":{"line":14,"column":42}},"11":{"start":{"line":15,"column":6},"end":{"line":15,"column":35}},"12":{"start":{"line":17,"column":6},"end":{"line":17,"column":52}},"13":{"start":{"line":18,"column":6},"end":{"line":18,"column":53}},"14":{"start":{"line":23,"column":2},"end":{"line":32,"column":5}},"15":{"start":{"line":24,"column":4},"end":{"line":31,"column":5}},"16":{"start":{"line":25,"column":6},"end":{"line":25,"column":35}},"17":{"start":{"line":26,"column":20},"end":{"line":26,"column":39}},"18":{"start":{"line":27,"column":6},"end":{"line":27,"column":34}},"19":{"start":{"line":29,"column":6},"end":{"line":29,"column":55}},"20":{"start":{"line":30,"column":6},"end":{"line":30,"column":53}},"21":{"start":{"line":35,"column":2},"end":{"line":48,"column":5}},"22":{"start":{"line":36,"column":4},"end":{"line":47,"column":5}},"23":{"start":{"line":37,"column":6},"end":{"line":37,"column":36}},"24":{"start":{"line":38,"column":19},"end":{"line":38,"column":32}},"25":{"start":{"line":39,"column":19},"end":{"line":39,"column":44}},"26":{"start":{"line":40,"column":6},"end":{"line":42,"column":7}},"27":{"start":{"line":41,"column":8},"end":{"line":41,"column":65}},"28":{"start":{"line":43,"column":6},"end":{"line":43,"column":33}},"29":{"start":{"line":45,"column":6},"end":{"line":45,"column":54}},"30":{"start":{"line":46,"column":6},"end":{"line":46,"column":53}},"31":{"start":{"line":51,"column":2},"end":{"line":64,"column":5}},"32":{"start":{"line":52,"column":4},"end":{"line":63,"column":5}},"33":{"start":{"line":53,"column":6},"end":{"line":53,"column":39}},"34":{"start":{"line":54,"column":19},"end":{"line":54,"column":27}},"35":{"start":{"line":55,"column":23},"end":{"line":55,"column":60}},"36":{"start":{"line":56,"column":6},"end":{"line":58,"column":7}},"37":{"start":{"line":57,"column":8},"end":{"line":57,"column":65}},"38":{"start":{"line":59,"column":6},"end":{"line":59,"column":33}},"39":{"start":{"line":61,"column":6},"end":{"line":61,"column":52}},"40":{"start":{"line":62,"column":6},"end":{"line":62,"column":53}},"41":{"start":{"line":67,"column":2},"end":{"line":80,"column":5}},"42":{"start":{"line":68,"column":4},"end":{"line":79,"column":5}},"43":{"start":{"line":69,"column":6},"end":{"line":69,"column":56}},"44":{"start":{"line":71,"column":21},"end":{"line":71,"column":52}},"45":{"start":{"line":72,"column":6},"end":{"line":74,"column":7}},"46":{"start":{"line":73,"column":8},"end":{"line":73,"column":65}},"47":{"start":{"line":75,"column":6},"end":{"line":75,"column":69}},"48":{"start":{"line":77,"column":6},"end":{"line":77,"column":52}},"49":{"start":{"line":78,"column":6},"end":{"line":78,"column":53}},"50":{"start":{"line":82,"column":2},"end":{"line":82,"column":16}}},"fnMap":{"0":{"name":"(anonymous_0)","decl":{"start":{"line":8,"column":17},"end":{"line":8,"column":18}},"loc":{"start":{"line":8,"column":23},"end":{"line":83,"column":1}},"line":8},"1":{"name":"(anonymous_1)","decl":{"start":{"line":10,"column":24},"end":{"line":10,"column":25}},"loc":{"start":{"line":10,"column":44},"end":{"line":20,"column":3}},"line":10},"2":{"name":"(anonymous_2)","decl":{"start":{"line":23,"column":23},"end":{"line":23,"column":24}},"loc":{"start":{"line":23,"column":43},"end":{"line":32,"column":3}},"line":23},"3":{"name":"(anonymous_3)","decl":{"start":{"line":35,"column":27},"end":{"line":35,"column":28}},"loc":{"start":{"line":35,"column":47},"end":{"line":48,"column":3}},"line":35},"4":{"name":"(anonymous_4)","decl":{"start":{"line":51,"column":27},"end":{"line":51,"column":28}},"loc":{"start":{"line":51,"column":47},"end":{"line":64,"column":3}},"line":51},"5":{"name":"(anonymous_5)","decl":{"start":{"line":67,"column":30},"end":{"line":67,"column":31}},"loc":{"start":{"line":67,"column":50},"end":{"line":80,"column":3}},"line":67}},"branchMap":{"0":{"loc":{"start":{"line":40,"column":6},"end":{"line":42,"column":7}},"type":"if","locations":[{"start":{"line":40,"column":6},"end":{"line":42,"column":7}},{"start":{},"end":{}}],"line":40},"1":{"loc":{"start":{"line":56,"column":6},"end":{"line":58,"column":7}},"type":"if","locations":[{"start":{"line":56,"column":6},"end":{"line":58,"column":7}},{"start":{},"end":{}}],"line":56},"2":{"loc":{"start":{"line":56,"column":11},"end":{"line":56,"column":55}},"type":"binary-expr","locations":[{"start":{"line":56,"column":11},"end":{"line":56,"column":31}},{"start":{"line":56,"column":35},"end":{"line":56,"column":55}}],"line":56},"3":{"loc":{"start":{"line":72,"column":6},"end":{"line":74,"column":7}},"type":"if","locations":[{"start":{"line":72,"column":6},"end":{"line":74,"column":7}},{"start":{},"end":{}}],"line":72}},"s":{"0":1,"1":1,"2":1,"3":1,"4":1,"5":1,"6":1,"7":2,"8":2,"9":2,"10":2,"11":1,"12":1,"13":1,"14":1,"15":2,"16":2,"17":2,"18":1,"19":1,"20":1,"21":1,"22":3,"23":3,"24":3,"25":3,"26":2,"27":1,"28":1,"29":1,"30":1,"31":1,"32":3,"33":3,"34":3,"35":3,"36":2,"37":1,"38":1,"39":1,"40":1,"41":1,"42":3,"43":3,"44":3,"45":2,"46":1,"47":1,"48":1,"49":1,"50":1},"f":{"0":1,"1":2,"2":2,"3":3,"4":3,"5":3},"b":{"0":[1,1],"1":[1,1],"2":[2,1],"3":[1,1]},"_coverageSchema":"1a1c01bbd47fc00a2c39e90264f33305004495a9","hash":"81c7ff29e84c3960c2da1fff3db29cb2f5c7d9c1"}
,"D:\\Projects\\adminApp\\services\\dbClient.js": {"path":"D:\\Projects\\adminApp\\services\\dbClient.js","statementMap":{"0":{"start":{"line":1,"column":24},"end":{"line":1,"column":42}},"1":{"start":{"line":2,"column":15},"end":{"line":2,"column":42}},"2":{"start":{"line":3,"column":0},"end":{"line":3,"column":27}},"3":{"start":{"line":4,"column":15},"end":{"line":4,"column":35}},"4":{"start":{"line":17,"column":2},"end":{"line":17,"column":39}},"5":{"start":{"line":27,"column":2},"end":{"line":29,"column":3}},"6":{"start":{"line":28,"column":4},"end":{"line":28,"column":14}},"7":{"start":{"line":30,"column":2},"end":{"line":39,"column":3}},"8":{"start":{"line":31,"column":4},"end":{"line":31,"column":44}},"9":{"start":{"line":32,"column":4},"end":{"line":32,"column":27}},"10":{"start":{"line":33,"column":4},"end":{"line":33,"column":39}},"11":{"start":{"line":34,"column":4},"end":{"line":34,"column":39}},"12":{"start":{"line":35,"column":4},"end":{"line":35,"column":14}},"13":{"start":{"line":37,"column":4},"end":{"line":37,"column":53}},"14":{"start":{"line":38,"column":4},"end":{"line":38,"column":41}},"15":{"start":{"line":42,"column":0},"end":{"line":42,"column":39}}},"fnMap":{"0":{"name":"createMongoClient","decl":{"start":{"line":16,"column":9},"end":{"line":16,"column":26}},"loc":{"start":{"line":16,"column":41},"end":{"line":18,"column":1}},"line":16},"1":{"name":"connectToDatabase","decl":{"start":{"line":26,"column":15},"end":{"line":26,"column":32}},"loc":{"start":{"line":26,"column":68},"end":{"line":40,"column":1}},"line":26}},"branchMap":{"0":{"loc":{"start":{"line":26,"column":33},"end":{"line":26,"column":66}},"type":"default-arg","locations":[{"start":{"line":26,"column":49},"end":{"line":26,"column":66}}],"line":26},"1":{"loc":{"start":{"line":27,"column":2},"end":{"line":29,"column":3}},"type":"if","locations":[{"start":{"line":27,"column":2},"end":{"line":29,"column":3}},{"start":{},"end":{}}],"line":27}},"s":{"0":3,"1":3,"2":3,"3":3,"4":4,"5":4,"6":0,"7":4,"8":4,"9":4,"10":3,"11":3,"12":3,"13":1,"14":1,"15":3},"f":{"0":4,"1":4},"b":{"0":[4],"1":[0,4]},"_coverageSchema":"1a1c01bbd47fc00a2c39e90264f33305004495a9","hash":"e8b910758e2802f1b3bba1be1eb70269dc808e9b"}
,"D:\\Projects\\adminApp\\services\\userService.js": {"path":"D:\\Projects\\adminApp\\services\\userService.js","statementMap":{"0":{"start":{"line":2,"column":15},"end":{"line":2,"column":35}},"1":{"start":{"line":3,"column":30},"end":{"line":3,"column":51}},"2":{"start":{"line":10,"column":2},"end":{"line":16,"column":3}},"3":{"start":{"line":11,"column":15},"end":{"line":11,"column":40}},"4":{"start":{"line":12,"column":4},"end":{"line":12,"column":56}},"5":{"start":{"line":13,"column":4},"end":{"line":13,"column":16}},"6":{"start":{"line":15,"column":4},"end":{"line":15,"column":35}},"7":{"start":{"line":24,"column":2},"end":{"line":29,"column":3}},"8":{"start":{"line":25,"column":15},"end":{"line":25,"column":40}},"9":{"start":{"line":26,"column":4},"end":{"line":26,"column":64}},"10":{"start":{"line":28,"column":4},"end":{"line":28,"column":35}},"11":{"start":{"line":38,"column":2},"end":{"line":44,"column":3}},"12":{"start":{"line":39,"column":15},"end":{"line":39,"column":40}},"13":{"start":{"line":40,"column":17},"end":{"line":40,"column":77}},"14":{"start":{"line":41,"column":4},"end":{"line":41,"column":16}},"15":{"start":{"line":43,"column":4},"end":{"line":43,"column":35}},"16":{"start":{"line":53,"column":2},"end":{"line":73,"column":3}},"17":{"start":{"line":54,"column":15},"end":{"line":54,"column":40}},"18":{"start":{"line":56,"column":25},"end":{"line":56,"column":84}},"19":{"start":{"line":58,"column":4},"end":{"line":63,"column":5}},"20":{"start":{"line":60,"column":6},"end":{"line":62,"column":7}},"21":{"start":{"line":61,"column":8},"end":{"line":61,"column":24}},"22":{"start":{"line":65,"column":19},"end":{"line":69,"column":5}},"23":{"start":{"line":70,"column":4},"end":{"line":70,"column":18}},"24":{"start":{"line":72,"column":4},"end":{"line":72,"column":35}},"25":{"start":{"line":82,"column":2},"end":{"line":90,"column":3}},"26":{"start":{"line":83,"column":15},"end":{"line":83,"column":40}},"27":{"start":{"line":84,"column":19},"end":{"line":84,"column":80}},"28":{"start":{"line":85,"column":4},"end":{"line":85,"column":56}},"29":{"start":{"line":86,"column":4},"end":{"line":86,"column":18}},"30":{"start":{"line":88,"column":4},"end":{"line":88,"column":10}},"31":{"start":{"line":89,"column":4},"end":{"line":89,"column":35}},"32":{"start":{"line":93,"column":0},"end":{"line":99,"column":2}}},"fnMap":{"0":{"name":"createUser","decl":{"start":{"line":9,"column":15},"end":{"line":9,"column":25}},"loc":{"start":{"line":9,"column":32},"end":{"line":17,"column":1}},"line":9},"1":{"name":"getAllUsers","decl":{"start":{"line":23,"column":15},"end":{"line":23,"column":26}},"loc":{"start":{"line":23,"column":29},"end":{"line":30,"column":1}},"line":23},"2":{"name":"getUserById","decl":{"start":{"line":37,"column":15},"end":{"line":37,"column":26}},"loc":{"start":{"line":37,"column":31},"end":{"line":45,"column":1}},"line":37},"3":{"name":"updateUser","decl":{"start":{"line":52,"column":15},"end":{"line":52,"column":25}},"loc":{"start":{"line":52,"column":36},"end":{"line":74,"column":1}},"line":52},"4":{"name":"deleteUser","decl":{"start":{"line":81,"column":15},"end":{"line":81,"column":25}},"loc":{"start":{"line":81,"column":30},"end":{"line":91,"column":1}},"line":81}},"branchMap":{"0":{"loc":{"start":{"line":58,"column":4},"end":{"line":63,"column":5}},"type":"if","locations":[{"start":{"line":58,"column":4},"end":{"line":63,"column":5}},{"start":{},"end":{}}],"line":58},"1":{"loc":{"start":{"line":60,"column":6},"end":{"line":62,"column":7}},"type":"if","locations":[{"start":{"line":60,"column":6},"end":{"line":62,"column":7}},{"start":{},"end":{}}],"line":60}},"s":{"0":2,"1":2,"2":2,"3":2,"4":2,"5":1,"6":1,"7":2,"8":2,"9":2,"10":1,"11":2,"12":2,"13":2,"14":1,"15":1,"16":2,"17":2,"18":2,"19":2,"20":2,"21":0,"22":2,"23":1,"24":1,"25":2,"26":2,"27":2,"28":1,"29":1,"30":1,"31":1,"32":2},"f":{"0":2,"1":2,"2":2,"3":2,"4":2},"b":{"0":[2,0],"1":[0,2]},"_coverageSchema":"1a1c01bbd47fc00a2c39e90264f33305004495a9","hash":"d73a5e1beecda0335fdd550fe059e983123133cd"}
,"D:\\Projects\\adminApp\\utils\\dateTimeUtils.js": {"path":"D:\\Projects\\adminApp\\utils\\dateTimeUtils.js","statementMap":{"0":{"start":{"line":1,"column":0},"end":{"line":73,"column":1}},"1":{"start":{"line":2,"column":12},"end":{"line":2,"column":28}},"2":{"start":{"line":5,"column":32},"end":{"line":5,"column":73}},"3":{"start":{"line":6,"column":29},"end":{"line":6,"column":67}},"4":{"start":{"line":7,"column":30},"end":{"line":7,"column":69}},"5":{"start":{"line":8,"column":18},"end":{"line":8,"column":45}},"6":{"start":{"line":9,"column":6},"end":{"line":9,"column":29}},"7":{"start":{"line":10,"column":6},"end":{"line":10,"column":43}},"8":{"start":{"line":11,"column":6},"end":{"line":11,"column":40}},"9":{"start":{"line":12,"column":6},"end":{"line":12,"column":41}},"10":{"start":{"line":20,"column":8},"end":{"line":20,"column":43}},"11":{"start":{"line":31,"column":8},"end":{"line":31,"column":51}},"12":{"start":{"line":43,"column":6},"end":{"line":43,"column":72}},"13":{"start":{"line":54,"column":24},"end":{"line":54,"column":40}},"14":{"start":{"line":55,"column":22},"end":{"line":55,"column":36}},"15":{"start":{"line":57,"column":6},"end":{"line":57,"column":50}},"16":{"start":{"line":68,"column":8},"end":{"line":68,"column":62}},"17":{"start":{"line":69,"column":8},"end":{"line":69,"column":57}}},"fnMap":{"0":{"name":"(anonymous_0)","decl":{"start":{"line":4,"column":4},"end":{"line":4,"column":5}},"loc":{"start":{"line":4,"column":18},"end":{"line":13,"column":5}},"line":4},"1":{"name":"(anonymous_1)","decl":{"start":{"line":19,"column":7},"end":{"line":19,"column":8}},"loc":{"start":{"line":19,"column":59},"end":{"line":21,"column":7}},"line":19},"2":{"name":"(anonymous_2)","decl":{"start":{"line":30,"column":4},"end":{"line":30,"column":5}},"loc":{"start":{"line":30,"column":39},"end":{"line":32,"column":7}},"line":30},"3":{"name":"(anonymous_3)","decl":{"start":{"line":42,"column":4},"end":{"line":42,"column":5}},"loc":{"start":{"line":42,"column":46},"end":{"line":44,"column":5}},"line":42},"4":{"name":"(anonymous_4)","decl":{"start":{"line":53,"column":4},"end":{"line":53,"column":5}},"loc":{"start":{"line":53,"column":43},"end":{"line":58,"column":5}},"line":53},"5":{"name":"(anonymous_5)","decl":{"start":{"line":67,"column":4},"end":{"line":67,"column":5}},"loc":{"start":{"line":67,"column":59},"end":{"line":70,"column":7}},"line":67}},"branchMap":{"0":{"loc":{"start":{"line":19,"column":27},"end":{"line":19,"column":57}},"type":"default-arg","locations":[{"start":{"line":19,"column":36},"end":{"line":19,"column":57}}],"line":19},"1":{"loc":{"start":{"line":53,"column":28},"end":{"line":53,"column":41}},"type":"default-arg","locations":[{"start":{"line":53,"column":36},"end":{"line":53,"column":41}}],"line":53},"2":{"loc":{"start":{"line":67,"column":27},"end":{"line":67,"column":57}},"type":"default-arg","locations":[{"start":{"line":67,"column":36},"end":{"line":67,"column":57}}],"line":67}},"s":{"0":1,"1":1,"2":1,"3":1,"4":1,"5":1,"6":1,"7":1,"8":1,"9":1,"10":2,"11":2,"12":1,"13":2,"14":2,"15":2,"16":1,"17":1},"f":{"0":1,"1":2,"2":2,"3":1,"4":2,"5":1},"b":{"0":[1],"1":[1],"2":[0]},"_coverageSchema":"1a1c01bbd47fc00a2c39e90264f33305004495a9","hash":"b9082308a3d6e73ae7ab65ae8aed1752b4dbee87"}
}
