TN:
SF:logger.js
FN:26,(anonymous_0)
FN:34,(anonymous_1)
FNF:2
FNH:0
FNDA:0,(anonymous_0)
FNDA:0,(anonymous_1)
DA:3,3
DA:4,3
DA:5,3
DA:6,3
DA:7,3
DA:9,3
DA:10,3
DA:11,3
DA:13,3
DA:14,0
DA:15,3
DA:16,0
DA:19,3
DA:21,3
DA:22,0
DA:26,3
DA:29,3
DA:34,0
DA:56,3
LF:19
LH:15
BRDA:9,0,0,3
BRDA:9,0,1,0
BRDA:13,1,0,0
BRDA:13,1,1,3
BRDA:15,2,0,0
BRDA:15,2,1,3
BRDA:21,3,0,0
BRDA:21,3,1,3
BRDA:30,4,0,0
BRDA:30,4,1,3
BRDA:32,5,0,3
BRDA:32,5,1,3
BRF:12
BRH:7
end_of_record
TN:
SF:config\config.js
FNF:0
FNH:0
DA:1,3
LF:1
LH:1
BRF:0
BRH:0
end_of_record
TN:
SF:routes\router.js
FN:8,(anonymous_0)
FN:10,(anonymous_1)
FN:23,(anonymous_2)
FN:35,(anonymous_3)
FN:51,(anonymous_4)
FN:67,(anonymous_5)
FNF:6
FNH:6
FNDA:1,(anonymous_0)
FNDA:2,(anonymous_1)
FNDA:2,(anonymous_2)
FNDA:3,(anonymous_3)
FNDA:3,(anonymous_4)
FNDA:3,(anonymous_5)
DA:1,1
DA:2,1
DA:3,1
DA:4,1
DA:6,1
DA:8,1
DA:10,1
DA:11,2
DA:12,2
DA:13,2
DA:14,2
DA:15,1
DA:17,1
DA:18,1
DA:23,1
DA:24,2
DA:25,2
DA:26,2
DA:27,1
DA:29,1
DA:30,1
DA:35,1
DA:36,3
DA:37,3
DA:38,3
DA:39,3
DA:40,2
DA:41,1
DA:43,1
DA:45,1
DA:46,1
DA:51,1
DA:52,3
DA:53,3
DA:54,3
DA:55,3
DA:56,2
DA:57,1
DA:59,1
DA:61,1
DA:62,1
DA:67,1
DA:68,3
DA:69,3
DA:71,3
DA:72,2
DA:73,1
DA:75,1
DA:77,1
DA:78,1
DA:82,1
LF:51
LH:51
BRDA:40,0,0,1
BRDA:40,0,1,1
BRDA:56,1,0,1
BRDA:56,1,1,1
BRDA:56,2,0,2
BRDA:56,2,1,1
BRDA:72,3,0,1
BRDA:72,3,1,1
BRF:8
BRH:8
end_of_record
TN:
SF:services\dbClient.js
FN:16,createMongoClient
FN:26,connectToDatabase
FNF:2
FNH:2
FNDA:4,createMongoClient
FNDA:4,connectToDatabase
DA:1,3
DA:2,3
DA:3,3
DA:4,3
DA:17,4
DA:27,4
DA:28,0
DA:30,4
DA:31,4
DA:32,4
DA:33,3
DA:34,3
DA:35,3
DA:37,1
DA:38,1
DA:42,3
LF:16
LH:15
BRDA:26,0,0,4
BRDA:27,1,0,0
BRDA:27,1,1,4
BRF:3
BRH:2
end_of_record
TN:
SF:services\userService.js
FN:9,createUser
FN:23,getAllUsers
FN:37,getUserById
FN:52,updateUser
FN:81,deleteUser
FNF:5
FNH:5
FNDA:2,createUser
FNDA:2,getAllUsers
FNDA:2,getUserById
FNDA:2,updateUser
FNDA:2,deleteUser
DA:2,2
DA:3,2
DA:10,2
DA:11,2
DA:12,2
DA:13,1
DA:15,1
DA:24,2
DA:25,2
DA:26,2
DA:28,1
DA:38,2
DA:39,2
DA:40,2
DA:41,1
DA:43,1
DA:53,2
DA:54,2
DA:56,2
DA:58,2
DA:60,2
DA:61,0
DA:65,2
DA:70,1
DA:72,1
DA:82,2
DA:83,2
DA:84,2
DA:85,1
DA:86,1
DA:88,1
DA:89,1
DA:93,2
LF:33
LH:32
BRDA:58,0,0,2
BRDA:58,0,1,0
BRDA:60,1,0,0
BRDA:60,1,1,2
BRF:4
BRH:2
end_of_record
TN:
SF:utils\dateTimeUtils.js
FN:4,(anonymous_0)
FN:19,(anonymous_1)
FN:30,(anonymous_2)
FN:42,(anonymous_3)
FN:53,(anonymous_4)
FN:67,(anonymous_5)
FNF:6
FNH:6
FNDA:1,(anonymous_0)
FNDA:2,(anonymous_1)
FNDA:2,(anonymous_2)
FNDA:1,(anonymous_3)
FNDA:2,(anonymous_4)
FNDA:1,(anonymous_5)
DA:1,1
DA:2,1
DA:5,1
DA:6,1
DA:7,1
DA:8,1
DA:9,1
DA:10,1
DA:11,1
DA:12,1
DA:20,2
DA:31,2
DA:43,1
DA:54,2
DA:55,2
DA:57,2
DA:68,1
DA:69,1
LF:18
LH:18
BRDA:19,0,0,1
BRDA:53,1,0,1
BRDA:67,2,0,0
BRF:3
BRH:2
end_of_record
